<?xml version="1.0" encoding="utf-8"?><testsuites name="pytest tests"><testsuite name="pytest" errors="0" failures="0" skipped="0" tests="11" time="38.079" timestamp="2026-04-05T20:02:11.486686+00:00" hostname="agent-env-d35e038a-4688-4057-aab6-f648fd1f23b3"><testcase classname="backend.tests.test_chatbot.TestChatbotEndpoints" name="test_chat_endpoint_basic" time="7.694" /><testcase classname="backend.tests.test_chatbot.TestChatbotEndpoints" name="test_chat_endpoint_spanish_response" time="2.926" /><testcase classname="backend.tests.test_chatbot.TestChatbotEndpoints" name="test_chat_endpoint_english_response" time="6.605" /><testcase classname="backend.tests.test_chatbot.TestChatbotEndpoints" name="test_chat_endpoint_french_response" time="6.667" /><testcase classname="backend.tests.test_chatbot.TestChatbotEndpoints" name="test_chat_uses_platform_data" time="2.885" /><testcase classname="backend.tests.test_chatbot.TestChatbotEndpoints" name="test_chat_history_endpoint" time="3.764" /><testcase classname="backend.tests.test_chatbot.TestChatbotEndpoints" name="test_chat_empty_message_rejected" time="0.110" /><testcase classname="backend.tests.test_chatbot.TestChatbotEndpoints" name="test_chat_whitespace_message_rejected" time="0.151" /><testcase classname="backend.tests.test_chatbot.TestChatbotEndpoints" name="test_chat_history_empty_session" time="0.114" /><testcase classname="backend.tests.test_chatbot.TestChatbotEndpoints" name="test_chat_default_language" time="3.224" /><testcase classname="backend.tests.test_chatbot.TestChatbotMongoDBStorage" name="test_messages_stored_in_mongodb" time="3.860" /></testsuite></testsuites>