<?xml version="1.0" encoding="utf-8"?><testsuites name="pytest tests"><testsuite name="pytest" errors="0" failures="0" skipped="0" tests="12" time="2.896" timestamp="2026-04-05T10:12:11.716085+00:00" hostname="agent-env-d35e038a-4688-4057-aab6-f648fd1f23b3"><testcase classname="backend.tests.test_iteration3_features.TestMunicipioPhotosAndContent" name="test_pueblos_magicos_have_photos" time="0.141" /><testcase classname="backend.tests.test_iteration3_features.TestMunicipioPhotosAndContent" name="test_orizaba_has_complete_data" time="0.105" /><testcase classname="backend.tests.test_iteration3_features.TestOrizabaPrestadores" name="test_orizaba_has_prestadores" time="0.206" /><testcase classname="backend.tests.test_iteration3_features.TestOrizabaEventos" name="test_orizaba_has_eventos" time="0.210" /><testcase classname="backend.tests.test_iteration3_features.TestEncargadoOrizabaAuth" name="test_encargado_login" time="0.318" /><testcase classname="backend.tests.test_iteration3_features.TestEncargadoOrizabaAuth" name="test_encargado_can_access_me" time="0.369" /><testcase classname="backend.tests.test_iteration3_features.TestNotificationsSystem" name="test_notifications_endpoint_requires_auth" time="0.125" /><testcase classname="backend.tests.test_iteration3_features.TestNotificationsSystem" name="test_encargado_can_get_notifications" time="0.381" /><testcase classname="backend.tests.test_iteration3_features.TestNotificationsSystem" name="test_mark_notification_read_requires_auth" time="0.130" /><testcase classname="backend.tests.test_iteration3_features.TestSuperAdminAuth" name="test_superadmin_login" time="0.323" /><testcase classname="backend.tests.test_iteration3_features.TestSuperAdminAuth" name="test_superadmin_can_trigger_spike_check" time="0.391" /><testcase classname="backend.tests.test_iteration3_features.TestHomepageMunicipios" name="test_homepage_municipios_have_photos" time="0.114" /></testsuite></testsuites>